Using pre-set license
Built from '2022.3/release' branch; Version is '2022.3.61f1 (6c53ebaf375d) revision 7099371'; Using compiler version '192829333'; Build Type 'Release'
OS: 'Windows 11  (10.0.26100) 64bit Professional' Language: 'zh' Physical Memory: 32538 MB
BatchMode: 1, IsHumanControllingUs: 0, StartBugReporterOnCrash: 0, Is64bit: 1, IsPro: 1

COMMAND LINE ARGUMENTS:
D:\Unity\2022.3.61f1\Editor\Unity.exe
-adb2
-batchMode
-noUpm
-name
AssetImportWorker4
-projectPath
C:/Users/fcd26/Unity/DroneEduBoardGame3D
-logFile
Logs/AssetImportWorker4.log
-srvPort
50289
Successfully changed project path to: C:/Users/fcd26/Unity/DroneEduBoardGame3D
C:/Users/fcd26/Unity/DroneEduBoardGame3D
[UnityMemory] Configuration Parameters - Can be set up in boot.config
    "memorysetup-bucket-allocator-granularity=16"
    "memorysetup-bucket-allocator-bucket-count=8"
    "memorysetup-bucket-allocator-block-size=33554432"
    "memorysetup-bucket-allocator-block-count=8"
    "memorysetup-main-allocator-block-size=16777216"
    "memorysetup-thread-allocator-block-size=16777216"
    "memorysetup-gfx-main-allocator-block-size=16777216"
    "memorysetup-gfx-thread-allocator-block-size=16777216"
    "memorysetup-cache-allocator-block-size=4194304"
    "memorysetup-typetree-allocator-block-size=2097152"
    "memorysetup-profiler-bucket-allocator-granularity=16"
    "memorysetup-profiler-bucket-allocator-bucket-count=8"
    "memorysetup-profiler-bucket-allocator-block-size=33554432"
    "memorysetup-profiler-bucket-allocator-block-count=8"
    "memorysetup-profiler-allocator-block-size=16777216"
    "memorysetup-profiler-editor-allocator-block-size=1048576"
    "memorysetup-temp-allocator-size-main=16777216"
    "memorysetup-job-temp-allocator-block-size=2097152"
    "memorysetup-job-temp-allocator-block-size-background=1048576"
    "memorysetup-job-temp-allocator-reduction-small-platforms=262144"
    "memorysetup-allocator-temp-initial-block-size-main=262144"
    "memorysetup-allocator-temp-initial-block-size-worker=262144"
    "memorysetup-temp-allocator-size-background-worker=32768"
    "memorysetup-temp-allocator-size-job-worker=262144"
    "memorysetup-temp-allocator-size-preload-manager=33554432"
    "memorysetup-temp-allocator-size-nav-mesh-worker=65536"
    "memorysetup-temp-allocator-size-audio-worker=65536"
    "memorysetup-temp-allocator-size-cloud-worker=32768"
    "memorysetup-temp-allocator-size-gi-baking-worker=262144"
    "memorysetup-temp-allocator-size-gfx=262144"
Player connection [28452]  Target information:

Player connection [28452]  * "[IP] 10.0.0.11 [Port] 0 [Flags] 2 [Guid] 1391806342 [EditorId] 1391806342 [Version] 1048832 [Id] WindowsEditor(7,Erfin) [Debug] 1 [PackageName] WindowsEditor [ProjectName] Editor" 

Player connection [28452]  * "[IP] 192.168.56.1 [Port] 0 [Flags] 2 [Guid] 1391806342 [EditorId] 1391806342 [Version] 1048832 [Id] WindowsEditor(7,Erfin) [Debug] 1 [PackageName] WindowsEditor [ProjectName] Editor" 

Player connection [28452] Host joined multi-casting on [225.0.0.222:54997]...
Player connection [28452] Host joined alternative multi-casting on [225.0.0.222:34997]...
Input System module state changed to: Initialized.
[PhysX] Initialized MultithreadedTaskDispatcher with 24 workers.
Refreshing native plugins compatible for Editor in 7.02 ms, found 3 plugins.
Preloading 0 native plugins for Editor in 0.00 ms.
Initialize engine version: 2022.3.61f1 (6c53ebaf375d)
[Subsystems] Discovering subsystems at path D:/Unity/2022.3.61f1/Editor/Data/Resources/UnitySubsystems
[Subsystems] Discovering subsystems at path C:/Users/fcd26/Unity/DroneEduBoardGame3D/Assets
GfxDevice: creating device client; threaded=0; jobified=0
Direct3D:
    Version:  Direct3D 11.0 [level 11.1]
    Renderer: NVIDIA GeForce RTX 3090 (ID=0x2204)
    Vendor:   NVIDIA
    VRAM:     24326 MB
    Driver:   32.0.15.8088
Initialize mono
Mono path[0] = 'D:/Unity/2022.3.61f1/Editor/Data/Managed'
Mono path[1] = 'D:/Unity/2022.3.61f1/Editor/Data/MonoBleedingEdge/lib/mono/unityjit-win32'
Mono config path = 'D:/Unity/2022.3.61f1/Editor/Data/MonoBleedingEdge/etc'
Using monoOptions --debugger-agent=transport=dt_socket,embedding=1,server=y,suspend=n,address=127.0.0.1:56864
Begin MonoManager ReloadAssembly
Registering precompiled unity dll's ...
Register platform support module: D:/Unity/2022.3.61f1/Editor/Data/PlaybackEngines/AndroidPlayer/UnityEditor.Android.Extensions.dll
Register platform support module: D:/Unity/2022.3.61f1/Editor/Data/PlaybackEngines/WindowsStandaloneSupport/UnityEditor.WindowsStandalone.Extensions.dll
Registered in 0.002335 seconds.
- Loaded All Assemblies, in  0.216 seconds
Native extension for WindowsStandalone target not found
Native extension for Android target not found
Android Extension - Scanning For ADB Devices 182 ms
Mono: successfully reloaded assembly
- Finished resetting the current domain, in  0.343 seconds
Domain Reload Profiling: 559ms
	BeginReloadAssembly (76ms)
		ExecutionOrderSort (0ms)
		DisableScriptedObjects (0ms)
		BackupInstance (0ms)
		ReleaseScriptingObjects (0ms)
		CreateAndSetChildDomain (0ms)
	RebuildCommonClasses (18ms)
	RebuildNativeTypeToScriptingClass (6ms)
	initialDomainReloadingComplete (28ms)
	LoadAllAssembliesAndSetupDomain (88ms)
		LoadAssemblies (78ms)
		RebuildTransferFunctionScriptingTraits (0ms)
		AnalyzeDomain (85ms)
			TypeCache.Refresh (83ms)
				TypeCache.ScanAssembly (71ms)
			ScanForSourceGeneratedMonoScriptInfo (0ms)
			ResolveRequiredComponents (0ms)
	FinalizeReload (343ms)
		ReleaseScriptCaches (0ms)
		RebuildScriptCaches (0ms)
		SetupLoadedEditorAssemblies (315ms)
			LogAssemblyErrors (0ms)
			InitializePlatformSupportModulesInManaged (224ms)
			SetLoadedEditorAssemblies (2ms)
			RefreshPlugins (0ms)
			BeforeProcessingInitializeOnLoad (1ms)
			ProcessInitializeOnLoadAttributes (63ms)
			ProcessInitializeOnLoadMethodAttributes (24ms)
			AfterProcessingInitializeOnLoad (0ms)
			EditorAssembliesLoaded (0ms)
		ExecutionOrderSort2 (0ms)
		AwakeInstancesAfterBackupRestoration (0ms)
========================================================================
Worker process is ready to serve import requests
Caller must complete domain reload
Begin MonoManager ReloadAssembly
- Loaded All Assemblies, in  0.424 seconds
Native extension for WindowsStandalone target not found
Native extension for Android target not found
Mono: successfully reloaded assembly
- Finished resetting the current domain, in  0.334 seconds
Domain Reload Profiling: 758ms
	BeginReloadAssembly (95ms)
		ExecutionOrderSort (0ms)
		DisableScriptedObjects (3ms)
		BackupInstance (0ms)
		ReleaseScriptingObjects (0ms)
		CreateAndSetChildDomain (12ms)
	RebuildCommonClasses (22ms)
	RebuildNativeTypeToScriptingClass (6ms)
	initialDomainReloadingComplete (14ms)
	LoadAllAssembliesAndSetupDomain (287ms)
		LoadAssemblies (225ms)
		RebuildTransferFunctionScriptingTraits (0ms)
		AnalyzeDomain (122ms)
			TypeCache.Refresh (106ms)
				TypeCache.ScanAssembly (94ms)
			ScanForSourceGeneratedMonoScriptInfo (11ms)
			ResolveRequiredComponents (4ms)
	FinalizeReload (334ms)
		ReleaseScriptCaches (0ms)
		RebuildScriptCaches (0ms)
		SetupLoadedEditorAssemblies (250ms)
			LogAssemblyErrors (0ms)
			InitializePlatformSupportModulesInManaged (9ms)
			SetLoadedEditorAssemblies (2ms)
			RefreshPlugins (0ms)
			BeforeProcessingInitializeOnLoad (35ms)
			ProcessInitializeOnLoadAttributes (186ms)
			ProcessInitializeOnLoadMethodAttributes (18ms)
			AfterProcessingInitializeOnLoad (1ms)
			EditorAssembliesLoaded (0ms)
		ExecutionOrderSort2 (0ms)
		AwakeInstancesAfterBackupRestoration (3ms)
Launched and connected shader compiler UnityShaderCompiler.exe after 0.03 seconds
Refreshing native plugins compatible for Editor in 2.52 ms, found 3 plugins.
Preloading 0 native plugins for Editor in 0.00 ms.
Unloading 3871 Unused Serialized files (Serialized files now loaded: 0)
Unloading 43 unused Assets / (140.6 KB). Loaded Objects now: 4355.
Memory consumption went from 151.3 MB to 151.2 MB.
Total: 2.128800 ms (FindLiveObjects: 0.166100 ms CreateObjectMapping: 0.049900 ms MarkObjects: 1.813700 ms  DeleteObjects: 0.098400 ms)

AssetImportParameters requested are different than current active one (requested -> active):
  custom:container-demuxer-ogg: 62fdf1f143b41e24485cea50d1cbac27 -> 
  custom:video-decoder-ogg-theora: a1e56fd34408186e4bbccfd4996cb3dc -> 
  custom:framework-win-MediaFoundation: 216162199b28c13a410421893ffa2e32 -> 
  custom:CustomObjectIndexerAttribute: 9a22284fe3817be447336de3de66b15e -> 
  custom:container-demuxer-webm: 4f35f7cbe854078d1ac9338744f61a02 -> 
  custom:container-muxer-webm: aa71ff27fc2769a1b78a27578f13a17b -> 
  custom:video-decoder-webm-vp8: 9c59270c3fd7afecdb556c50c9e8de78 -> 
  custom:SearchIndexIgnoredProperties: e643bd26f0fe6173181afceb89e7c659 -> 
  custom:AudioImporter_EditorPlatform: d09bf68614088b80899f8185d706f6e7 -> 
  custom:video-encoder-webm-vp8: eb34c28f22e8b96e1ab97ce403110664 -> 
  custom:audio-decoder-ogg-vorbis: bf7c407c2cedff20999df2af8eb42d56 -> 
  custom:audio-encoder-webm-vorbis: bf7c407c2cedff20999df2af8eb42d56 -> 
========================================================================
Received Import Request.
  Time since last request: 3195.354015 seconds.
  path: Assets/Sprites/水域格.jpg
  artifactKey: Guid(e3e14e8ed71239748bed37523b43bc77) Importer(815301076,1909f56bfc062723c751e8b465ee728b)
Start importing Assets/Sprites/水域格.jpg using Guid(e3e14e8ed71239748bed37523b43bc77) Importer(815301076,1909f56bfc062723c751e8b465ee728b) [PhysX] Initialized MultithreadedTaskDispatcher with 24 workers.
[PhysX] Initialized MultithreadedTaskDispatcher with 24 workers.
 -> (artifact id: '715acdd1ead679546ae7c6dceaacb038') in 0.069265 seconds
Number of updated asset objects reloaded before import = 0
Number of asset objects unloaded after import = 3
========================================================================
Received Import Request.
  Time since last request: 0.000017 seconds.
  path: Assets/Sprites/草地格.jpg
  artifactKey: Guid(13901015bb8d2bd44b2db9cf0ab98803) Importer(815301076,1909f56bfc062723c751e8b465ee728b)
Start importing Assets/Sprites/草地格.jpg using Guid(13901015bb8d2bd44b2db9cf0ab98803) Importer(815301076,1909f56bfc062723c751e8b465ee728b) [PhysX] Initialized MultithreadedTaskDispatcher with 24 workers.
[PhysX] Initialized MultithreadedTaskDispatcher with 24 workers.
 -> (artifact id: '28e21c6142710aa178508d75526452bc') in 0.015505 seconds
Number of updated asset objects reloaded before import = 0
Number of asset objects unloaded after import = 3
========================================================================
Received Import Request.
  Time since last request: 144.441093 seconds.
  path: Assets/Sprites/GridMaterial.mat
  artifactKey: Guid(97daf3d7ce163e4429aed67e8ef95009) Importer(815301076,1909f56bfc062723c751e8b465ee728b)
Start importing Assets/Sprites/GridMaterial.mat using Guid(97daf3d7ce163e4429aed67e8ef95009) Importer(815301076,1909f56bfc062723c751e8b465ee728b) [PhysX] Initialized MultithreadedTaskDispatcher with 24 workers.
[PhysX] Initialized MultithreadedTaskDispatcher with 24 workers.
 -> (artifact id: '1da54cdf5665470d4ef94b5e240c4071') in 0.034433 seconds
Number of updated asset objects reloaded before import = 0
Number of asset objects unloaded after import = 2
========================================================================
Received Import Request.
  Time since last request: 82.938426 seconds.
  path: Assets/Sprites/零件格.png
  artifactKey: Guid(c6be00fd88ec8d7499c4f7b82fc0baa6) Importer(815301076,1909f56bfc062723c751e8b465ee728b)
Start importing Assets/Sprites/零件格.png using Guid(c6be00fd88ec8d7499c4f7b82fc0baa6) Importer(815301076,1909f56bfc062723c751e8b465ee728b) [PhysX] Initialized MultithreadedTaskDispatcher with 24 workers.
[PhysX] Initialized MultithreadedTaskDispatcher with 24 workers.
 -> (artifact id: '961fed8a627c2b391f3a86b3add80548') in 0.013260 seconds
Number of updated asset objects reloaded before import = 0
Number of asset objects unloaded after import = 3
========================================================================
Received Import Request.
  Time since last request: 29.690455 seconds.
  path: Assets/Sprites/商店格.jpg
  artifactKey: Guid(d8c2607f30b1f2841a2ab550e69a3815) Importer(815301076,1909f56bfc062723c751e8b465ee728b)
Start importing Assets/Sprites/商店格.jpg using Guid(d8c2607f30b1f2841a2ab550e69a3815) Importer(815301076,1909f56bfc062723c751e8b465ee728b) [PhysX] Initialized MultithreadedTaskDispatcher with 24 workers.
[PhysX] Initialized MultithreadedTaskDispatcher with 24 workers.
 -> (artifact id: '081a65854cc4ac9f13a2a435c458827a') in 0.014748 seconds
Number of updated asset objects reloaded before import = 0
Number of asset objects unloaded after import = 2
========================================================================
Received Import Request.
  Time since last request: 4.045901 seconds.
  path: Assets/Sprites/商店格.jpg
  artifactKey: Guid(d8c2607f30b1f2841a2ab550e69a3815) Importer(815301076,1909f56bfc062723c751e8b465ee728b)
Start importing Assets/Sprites/商店格.jpg using Guid(d8c2607f30b1f2841a2ab550e69a3815) Importer(815301076,1909f56bfc062723c751e8b465ee728b) [PhysX] Initialized MultithreadedTaskDispatcher with 24 workers.
[PhysX] Initialized MultithreadedTaskDispatcher with 24 workers.
 -> (artifact id: '50f1bb237a9bae259fd3a66c36e50a95') in 0.013387 seconds
Number of updated asset objects reloaded before import = 0
Number of asset objects unloaded after import = 2
========================================================================
Received Import Request.
  Time since last request: 9.048450 seconds.
  path: Assets/Sprites/商店格.jpg
  artifactKey: Guid(d8c2607f30b1f2841a2ab550e69a3815) Importer(815301076,1909f56bfc062723c751e8b465ee728b)
Start importing Assets/Sprites/商店格.jpg using Guid(d8c2607f30b1f2841a2ab550e69a3815) Importer(815301076,1909f56bfc062723c751e8b465ee728b) [PhysX] Initialized MultithreadedTaskDispatcher with 24 workers.
[PhysX] Initialized MultithreadedTaskDispatcher with 24 workers.
 -> (artifact id: '946a1cb73d93d1017f7a479ca6b9e675') in 0.013406 seconds
Number of updated asset objects reloaded before import = 0
Number of asset objects unloaded after import = 2
========================================================================
Received Import Request.
  Time since last request: 9.714034 seconds.
  path: Assets/Sprites/問答格.jpg
  artifactKey: Guid(450d962067681004691e686ab91ec79c) Importer(815301076,1909f56bfc062723c751e8b465ee728b)
Start importing Assets/Sprites/問答格.jpg using Guid(450d962067681004691e686ab91ec79c) Importer(815301076,1909f56bfc062723c751e8b465ee728b) [PhysX] Initialized MultithreadedTaskDispatcher with 24 workers.
[PhysX] Initialized MultithreadedTaskDispatcher with 24 workers.
 -> (artifact id: '17bb706f8871282e1beccbf7faf76e84') in 0.014563 seconds
Number of updated asset objects reloaded before import = 0
Number of asset objects unloaded after import = 2
========================================================================
Received Import Request.
  Time since last request: 34.437149 seconds.
  path: Assets/Sprites/妖精格.png
  artifactKey: Guid(d159002a343ecfd48b8cff042b026420) Importer(815301076,1909f56bfc062723c751e8b465ee728b)
Start importing Assets/Sprites/妖精格.png using Guid(d159002a343ecfd48b8cff042b026420) Importer(815301076,1909f56bfc062723c751e8b465ee728b) [PhysX] Initialized MultithreadedTaskDispatcher with 24 workers.
[PhysX] Initialized MultithreadedTaskDispatcher with 24 workers.
 -> (artifact id: '38173124b3e626f83f9d8f12b9ec94b1') in 0.013615 seconds
Number of updated asset objects reloaded before import = 0
Number of asset objects unloaded after import = 3
========================================================================
Received Import Request.
  Time since last request: 7.092923 seconds.
  path: Assets/Sprites/妖精格.png
  artifactKey: Guid(d159002a343ecfd48b8cff042b026420) Importer(815301076,1909f56bfc062723c751e8b465ee728b)
Start importing Assets/Sprites/妖精格.png using Guid(d159002a343ecfd48b8cff042b026420) Importer(815301076,1909f56bfc062723c751e8b465ee728b) [PhysX] Initialized MultithreadedTaskDispatcher with 24 workers.
[PhysX] Initialized MultithreadedTaskDispatcher with 24 workers.
 -> (artifact id: '4a9379f0a0835e4386e127c7673d4f17') in 0.011012 seconds
Number of updated asset objects reloaded before import = 0
Number of asset objects unloaded after import = 2
========================================================================
Received Import Request.
  Time since last request: 7.557147 seconds.
  path: Assets/Sprites/岩漿格.jpg
  artifactKey: Guid(7a758543b3e59374b9f81a11216da9e8) Importer(815301076,1909f56bfc062723c751e8b465ee728b)
Start importing Assets/Sprites/岩漿格.jpg using Guid(7a758543b3e59374b9f81a11216da9e8) Importer(815301076,1909f56bfc062723c751e8b465ee728b) [PhysX] Initialized MultithreadedTaskDispatcher with 24 workers.
[PhysX] Initialized MultithreadedTaskDispatcher with 24 workers.
 -> (artifact id: 'f24a0a995b4f98907ce0531532085a5f') in 0.014914 seconds
Number of updated asset objects reloaded before import = 0
Number of asset objects unloaded after import = 2
========================================================================
Received Import Request.
  Time since last request: 19.005586 seconds.
  path: Assets/Sprites/怪物格.jpg
  artifactKey: Guid(b328daf9915672f408dfb5449f571c70) Importer(815301076,1909f56bfc062723c751e8b465ee728b)
Start importing Assets/Sprites/怪物格.jpg using Guid(b328daf9915672f408dfb5449f571c70) Importer(815301076,1909f56bfc062723c751e8b465ee728b) [PhysX] Initialized MultithreadedTaskDispatcher with 24 workers.
[PhysX] Initialized MultithreadedTaskDispatcher with 24 workers.
 -> (artifact id: '172019ebb3937b9901fca4520785fa22') in 0.013555 seconds
Number of updated asset objects reloaded before import = 0
Number of asset objects unloaded after import = 2
========================================================================
Received Import Request.
  Time since last request: 14.726948 seconds.
  path: Assets/Sprites/零件格.png
  artifactKey: Guid(c6be00fd88ec8d7499c4f7b82fc0baa6) Importer(815301076,1909f56bfc062723c751e8b465ee728b)
Start importing Assets/Sprites/零件格.png using Guid(c6be00fd88ec8d7499c4f7b82fc0baa6) Importer(815301076,1909f56bfc062723c751e8b465ee728b) [PhysX] Initialized MultithreadedTaskDispatcher with 24 workers.
[PhysX] Initialized MultithreadedTaskDispatcher with 24 workers.
 -> (artifact id: 'df67f3304ccd3870b5f6487151fd42f0') in 0.013682 seconds
Number of updated asset objects reloaded before import = 0
Number of asset objects unloaded after import = 2
========================================================================
Received Import Request.
  Time since last request: 39.546631 seconds.
  path: Assets/Sprites/毒菇格.jpg
  artifactKey: Guid(92bbb11a70903314c9df110c7909bd24) Importer(815301076,1909f56bfc062723c751e8b465ee728b)
Start importing Assets/Sprites/毒菇格.jpg using Guid(92bbb11a70903314c9df110c7909bd24) Importer(815301076,1909f56bfc062723c751e8b465ee728b) [PhysX] Initialized MultithreadedTaskDispatcher with 24 workers.
[PhysX] Initialized MultithreadedTaskDispatcher with 24 workers.
 -> (artifact id: '44f452279efa73ff12cf05d26996d9d4') in 0.014655 seconds
Number of updated asset objects reloaded before import = 0
Number of asset objects unloaded after import = 2
========================================================================
Received Import Request.
  Time since last request: 4.994007 seconds.
  path: Assets/Sprites/水域格.jpg
  artifactKey: Guid(e3e14e8ed71239748bed37523b43bc77) Importer(815301076,1909f56bfc062723c751e8b465ee728b)
Start importing Assets/Sprites/水域格.jpg using Guid(e3e14e8ed71239748bed37523b43bc77) Importer(815301076,1909f56bfc062723c751e8b465ee728b) [PhysX] Initialized MultithreadedTaskDispatcher with 24 workers.
[PhysX] Initialized MultithreadedTaskDispatcher with 24 workers.
 -> (artifact id: '7c262e939d7a223c281399fca115a1de') in 0.014703 seconds
Number of updated asset objects reloaded before import = 0
Number of asset objects unloaded after import = 2
========================================================================
Received Import Request.
  Time since last request: 7.282028 seconds.
  path: Assets/Sprites/沙地格.jpg
  artifactKey: Guid(2776a27a85a732547bfd3c203e9feef7) Importer(815301076,1909f56bfc062723c751e8b465ee728b)
Start importing Assets/Sprites/沙地格.jpg using Guid(2776a27a85a732547bfd3c203e9feef7) Importer(815301076,1909f56bfc062723c751e8b465ee728b) [PhysX] Initialized MultithreadedTaskDispatcher with 24 workers.
[PhysX] Initialized MultithreadedTaskDispatcher with 24 workers.
 -> (artifact id: 'b7a40a2ec528a77b5eaf84b92e477f77') in 0.013154 seconds
Number of updated asset objects reloaded before import = 0
Number of asset objects unloaded after import = 2
========================================================================
Received Import Request.
  Time since last request: 6.932690 seconds.
  path: Assets/Sprites/無人機格.jpg
  artifactKey: Guid(deb3775e37944c54495b2244c0791ab8) Importer(815301076,1909f56bfc062723c751e8b465ee728b)
Start importing Assets/Sprites/無人機格.jpg using Guid(deb3775e37944c54495b2244c0791ab8) Importer(815301076,1909f56bfc062723c751e8b465ee728b) [PhysX] Initialized MultithreadedTaskDispatcher with 24 workers.
[PhysX] Initialized MultithreadedTaskDispatcher with 24 workers.
 -> (artifact id: '68e6b3b05406407aa4396277aa2d7f0c') in 0.013190 seconds
Number of updated asset objects reloaded before import = 0
Number of asset objects unloaded after import = 2
========================================================================
Received Import Request.
  Time since last request: 1.465651 seconds.
  path: Assets/Sprites/無人機格.jpg
  artifactKey: Guid(deb3775e37944c54495b2244c0791ab8) Importer(815301076,1909f56bfc062723c751e8b465ee728b)
Start importing Assets/Sprites/無人機格.jpg using Guid(deb3775e37944c54495b2244c0791ab8) Importer(815301076,1909f56bfc062723c751e8b465ee728b) [PhysX] Initialized MultithreadedTaskDispatcher with 24 workers.
[PhysX] Initialized MultithreadedTaskDispatcher with 24 workers.
 -> (artifact id: 'f4f86da6ee560f2547dd919326bdcf0a') in 0.013258 seconds
Number of updated asset objects reloaded before import = 0
Number of asset objects unloaded after import = 2
========================================================================
Received Import Request.
  Time since last request: 6.029184 seconds.
  path: Assets/Sprites/石板路格.jpg
  artifactKey: Guid(60f71199aae85c94087d8647ea9c6483) Importer(815301076,1909f56bfc062723c751e8b465ee728b)
Start importing Assets/Sprites/石板路格.jpg using Guid(60f71199aae85c94087d8647ea9c6483) Importer(815301076,1909f56bfc062723c751e8b465ee728b) [PhysX] Initialized MultithreadedTaskDispatcher with 24 workers.
[PhysX] Initialized MultithreadedTaskDispatcher with 24 workers.
 -> (artifact id: 'd2a68543987aab3500307786654d2652') in 0.013454 seconds
Number of updated asset objects reloaded before import = 0
Number of asset objects unloaded after import = 2
========================================================================
Received Import Request.
  Time since last request: 7.234285 seconds.
  path: Assets/Sprites/草地格.jpg
  artifactKey: Guid(13901015bb8d2bd44b2db9cf0ab98803) Importer(815301076,1909f56bfc062723c751e8b465ee728b)
Start importing Assets/Sprites/草地格.jpg using Guid(13901015bb8d2bd44b2db9cf0ab98803) Importer(815301076,1909f56bfc062723c751e8b465ee728b) [PhysX] Initialized MultithreadedTaskDispatcher with 24 workers.
[PhysX] Initialized MultithreadedTaskDispatcher with 24 workers.
 -> (artifact id: '6dd452974ecdefbdb86a2c321f422e60') in 0.015263 seconds
Number of updated asset objects reloaded before import = 0
Number of asset objects unloaded after import = 2
========================================================================
Received Import Request.
  Time since last request: 5.432740 seconds.
  path: Assets/Sprites/雲朵格.jpg
  artifactKey: Guid(8ec523d2974777149a7032a367950d81) Importer(815301076,1909f56bfc062723c751e8b465ee728b)
Start importing Assets/Sprites/雲朵格.jpg using Guid(8ec523d2974777149a7032a367950d81) Importer(815301076,1909f56bfc062723c751e8b465ee728b) [PhysX] Initialized MultithreadedTaskDispatcher with 24 workers.
[PhysX] Initialized MultithreadedTaskDispatcher with 24 workers.
 -> (artifact id: '4ad43462e28a742fa0cbb2db475eda27') in 0.013839 seconds
Number of updated asset objects reloaded before import = 0
Number of asset objects unloaded after import = 2
========================================================================
Received Import Request.
  Time since last request: 35.493288 seconds.
  path: Assets/Sprites/GridMaterial 1.mat
  artifactKey: Guid(e4eb21e3255b0ad4a8e43991875596e0) Importer(815301076,1909f56bfc062723c751e8b465ee728b)
Start importing Assets/Sprites/GridMaterial 1.mat using Guid(e4eb21e3255b0ad4a8e43991875596e0) Importer(815301076,1909f56bfc062723c751e8b465ee728b) [PhysX] Initialized MultithreadedTaskDispatcher with 24 workers.
[PhysX] Initialized MultithreadedTaskDispatcher with 24 workers.
 -> (artifact id: 'd1331f1b31dc6ef815e5e2e4a0eebe92') in 0.015802 seconds
Number of updated asset objects reloaded before import = 0
Number of asset objects unloaded after import = 2
========================================================================
Received Import Request.
  Time since last request: 15.799499 seconds.
  path: Assets/Sprites/GridMaterial.mat
  artifactKey: Guid(97daf3d7ce163e4429aed67e8ef95009) Importer(815301076,1909f56bfc062723c751e8b465ee728b)
Start importing Assets/Sprites/GridMaterial.mat using Guid(97daf3d7ce163e4429aed67e8ef95009) Importer(815301076,1909f56bfc062723c751e8b465ee728b) [PhysX] Initialized MultithreadedTaskDispatcher with 24 workers.
[PhysX] Initialized MultithreadedTaskDispatcher with 24 workers.
 -> (artifact id: '705e923066c287c377e7df9b7cf36923') in 0.016708 seconds
Number of updated asset objects reloaded before import = 0
Number of asset objects unloaded after import = 2
========================================================================
Received Import Request.
  Time since last request: 7.359561 seconds.
  path: Assets/Sprites/起點格.mat
  artifactKey: Guid(97daf3d7ce163e4429aed67e8ef95009) Importer(815301076,1909f56bfc062723c751e8b465ee728b)
Start importing Assets/Sprites/起點格.mat using Guid(97daf3d7ce163e4429aed67e8ef95009) Importer(815301076,1909f56bfc062723c751e8b465ee728b) [PhysX] Initialized MultithreadedTaskDispatcher with 24 workers.
[PhysX] Initialized MultithreadedTaskDispatcher with 24 workers.
 -> (artifact id: '997d59460240f0bc3bd842059152478c') in 0.016422 seconds
Number of updated asset objects reloaded before import = 0
Number of asset objects unloaded after import = 2
========================================================================
Received Import Request.
  Time since last request: 7.561349 seconds.
  path: Assets/Sprites/商店格.mat
  artifactKey: Guid(e4eb21e3255b0ad4a8e43991875596e0) Importer(815301076,1909f56bfc062723c751e8b465ee728b)
Start importing Assets/Sprites/商店格.mat using Guid(e4eb21e3255b0ad4a8e43991875596e0) Importer(815301076,1909f56bfc062723c751e8b465ee728b) [PhysX] Initialized MultithreadedTaskDispatcher with 24 workers.
[PhysX] Initialized MultithreadedTaskDispatcher with 24 workers.
 -> (artifact id: '3fb053a4263265ce4c2a52e7b1cb89de') in 0.014498 seconds
Number of updated asset objects reloaded before import = 0
Number of asset objects unloaded after import = 2
========================================================================
Received Import Request.
  Time since last request: 39.594333 seconds.
  path: Assets/Sprites/商店格 1.mat
  artifactKey: Guid(655cebb24a142264796b6d3b9b4c4720) Importer(815301076,1909f56bfc062723c751e8b465ee728b)
Start importing Assets/Sprites/商店格 1.mat using Guid(655cebb24a142264796b6d3b9b4c4720) Importer(815301076,1909f56bfc062723c751e8b465ee728b) [PhysX] Initialized MultithreadedTaskDispatcher with 24 workers.
[PhysX] Initialized MultithreadedTaskDispatcher with 24 workers.
 -> (artifact id: '0e86e96ec52a1de8f0d33c28d11238b9') in 0.016182 seconds
Number of updated asset objects reloaded before import = 0
Number of asset objects unloaded after import = 2
========================================================================
Received Import Request.
  Time since last request: 0.758644 seconds.
  path: Assets/Sprites/商店格 2.mat
  artifactKey: Guid(9303996d14e93fd46bee044318bdd1bd) Importer(815301076,1909f56bfc062723c751e8b465ee728b)
Start importing Assets/Sprites/商店格 2.mat using Guid(9303996d14e93fd46bee044318bdd1bd) Importer(815301076,1909f56bfc062723c751e8b465ee728b) [PhysX] Initialized MultithreadedTaskDispatcher with 24 workers.
[PhysX] Initialized MultithreadedTaskDispatcher with 24 workers.
 -> (artifact id: '5c465b6af867684d477a418bbe518adc') in 0.015888 seconds
Number of updated asset objects reloaded before import = 0
Number of asset objects unloaded after import = 2
========================================================================
Received Import Request.
  Time since last request: 0.487639 seconds.
  path: Assets/Sprites/商店格 3.mat
  artifactKey: Guid(1da650341c76f174ab035ea70442ef1c) Importer(815301076,1909f56bfc062723c751e8b465ee728b)
Start importing Assets/Sprites/商店格 3.mat using Guid(1da650341c76f174ab035ea70442ef1c) Importer(815301076,1909f56bfc062723c751e8b465ee728b) [PhysX] Initialized MultithreadedTaskDispatcher with 24 workers.
[PhysX] Initialized MultithreadedTaskDispatcher with 24 workers.
 -> (artifact id: '4403ed65b7fd025b064c0e1298456f3d') in 0.013876 seconds
Number of updated asset objects reloaded before import = 0
Number of asset objects unloaded after import = 2
========================================================================
Received Import Request.
  Time since last request: 0.499438 seconds.
  path: Assets/Sprites/商店格 4.mat
  artifactKey: Guid(d6d5c92789918514b8a29b719244acf3) Importer(815301076,1909f56bfc062723c751e8b465ee728b)
Start importing Assets/Sprites/商店格 4.mat using Guid(d6d5c92789918514b8a29b719244acf3) Importer(815301076,1909f56bfc062723c751e8b465ee728b) [PhysX] Initialized MultithreadedTaskDispatcher with 24 workers.
[PhysX] Initialized MultithreadedTaskDispatcher with 24 workers.
 -> (artifact id: 'd168a8fb02079e13d790102385622fd5') in 0.014585 seconds
Number of updated asset objects reloaded before import = 0
Number of asset objects unloaded after import = 2
========================================================================
Received Import Request.
  Time since last request: 5.922156 seconds.
  path: Assets/Sprites/問答格.mat
  artifactKey: Guid(655cebb24a142264796b6d3b9b4c4720) Importer(815301076,1909f56bfc062723c751e8b465ee728b)
Start importing Assets/Sprites/問答格.mat using Guid(655cebb24a142264796b6d3b9b4c4720) Importer(815301076,1909f56bfc062723c751e8b465ee728b) [PhysX] Initialized MultithreadedTaskDispatcher with 24 workers.
[PhysX] Initialized MultithreadedTaskDispatcher with 24 workers.
 -> (artifact id: '7f0d291313321b84ec0af0d4c4f8f5a5') in 0.016828 seconds
Number of updated asset objects reloaded before import = 0
Number of asset objects unloaded after import = 2
========================================================================
Received Import Request.
  Time since last request: 5.110949 seconds.
  path: Assets/Sprites/妖精格.mat
  artifactKey: Guid(9303996d14e93fd46bee044318bdd1bd) Importer(815301076,1909f56bfc062723c751e8b465ee728b)
Start importing Assets/Sprites/妖精格.mat using Guid(9303996d14e93fd46bee044318bdd1bd) Importer(815301076,1909f56bfc062723c751e8b465ee728b) [PhysX] Initialized MultithreadedTaskDispatcher with 24 workers.
[PhysX] Initialized MultithreadedTaskDispatcher with 24 workers.
 -> (artifact id: '91c1d98e4cf452551cfa3ac721d92e2d') in 0.014637 seconds
Number of updated asset objects reloaded before import = 0
Number of asset objects unloaded after import = 2
========================================================================
Received Import Request.
  Time since last request: 4.236325 seconds.
  path: Assets/Sprites/岩漿格.mat
  artifactKey: Guid(1da650341c76f174ab035ea70442ef1c) Importer(815301076,1909f56bfc062723c751e8b465ee728b)
Start importing Assets/Sprites/岩漿格.mat using Guid(1da650341c76f174ab035ea70442ef1c) Importer(815301076,1909f56bfc062723c751e8b465ee728b) [PhysX] Initialized MultithreadedTaskDispatcher with 24 workers.
[PhysX] Initialized MultithreadedTaskDispatcher with 24 workers.
 -> (artifact id: '4f9dd27c678bd4860b230f79cccf23ea') in 0.015524 seconds
Number of updated asset objects reloaded before import = 0
Number of asset objects unloaded after import = 2
========================================================================
Received Import Request.
  Time since last request: 5.500760 seconds.
  path: Assets/Sprites/怪物格.mat
  artifactKey: Guid(d6d5c92789918514b8a29b719244acf3) Importer(815301076,1909f56bfc062723c751e8b465ee728b)
Start importing Assets/Sprites/怪物格.mat using Guid(d6d5c92789918514b8a29b719244acf3) Importer(815301076,1909f56bfc062723c751e8b465ee728b) [PhysX] Initialized MultithreadedTaskDispatcher with 24 workers.
[PhysX] Initialized MultithreadedTaskDispatcher with 24 workers.
 -> (artifact id: '6396a5a827145baa76bd760c0ee772d9') in 0.014014 seconds
Number of updated asset objects reloaded before import = 0
Number of asset objects unloaded after import = 2
========================================================================
Received Import Request.
  Time since last request: 3.115231 seconds.
  path: Assets/Sprites/商店格 1.mat
  artifactKey: Guid(a06de357ea4a17c4aa3a336184cf0d7d) Importer(815301076,1909f56bfc062723c751e8b465ee728b)
Start importing Assets/Sprites/商店格 1.mat using Guid(a06de357ea4a17c4aa3a336184cf0d7d) Importer(815301076,1909f56bfc062723c751e8b465ee728b) [PhysX] Initialized MultithreadedTaskDispatcher with 24 workers.
[PhysX] Initialized MultithreadedTaskDispatcher with 24 workers.
 -> (artifact id: '45c5a9968888a54c77db0cc2618093df') in 0.013735 seconds
Number of updated asset objects reloaded before import = 0
Number of asset objects unloaded after import = 2
========================================================================
Received Import Request.
  Time since last request: 0.200868 seconds.
  path: Assets/Sprites/商店格 2.mat
  artifactKey: Guid(be00e8f48ec1d7f48a66341df21784d4) Importer(815301076,1909f56bfc062723c751e8b465ee728b)
Start importing Assets/Sprites/商店格 2.mat using Guid(be00e8f48ec1d7f48a66341df21784d4) Importer(815301076,1909f56bfc062723c751e8b465ee728b) [PhysX] Initialized MultithreadedTaskDispatcher with 24 workers.
[PhysX] Initialized MultithreadedTaskDispatcher with 24 workers.
 -> (artifact id: 'b10c37b46b888b21d64e5486f4cadc79') in 0.016681 seconds
Number of updated asset objects reloaded before import = 0
Number of asset objects unloaded after import = 2
========================================================================
Received Import Request.
  Time since last request: 0.154188 seconds.
  path: Assets/Sprites/商店格 3.mat
  artifactKey: Guid(4a7cf7d1cd359cb4180162e9980a8c17) Importer(815301076,1909f56bfc062723c751e8b465ee728b)
Start importing Assets/Sprites/商店格 3.mat using Guid(4a7cf7d1cd359cb4180162e9980a8c17) Importer(815301076,1909f56bfc062723c751e8b465ee728b) [PhysX] Initialized MultithreadedTaskDispatcher with 24 workers.
[PhysX] Initialized MultithreadedTaskDispatcher with 24 workers.
 -> (artifact id: 'f0251c71c1a53a61583fb351f99411b2') in 0.015256 seconds
Number of updated asset objects reloaded before import = 0
Number of asset objects unloaded after import = 2
========================================================================
Received Import Request.
  Time since last request: 0.123939 seconds.
  path: Assets/Sprites/商店格 4.mat
  artifactKey: Guid(c232cb74ec84a4549bed3611ffaa9a19) Importer(815301076,1909f56bfc062723c751e8b465ee728b)
Start importing Assets/Sprites/商店格 4.mat using Guid(c232cb74ec84a4549bed3611ffaa9a19) Importer(815301076,1909f56bfc062723c751e8b465ee728b) [PhysX] Initialized MultithreadedTaskDispatcher with 24 workers.
[PhysX] Initialized MultithreadedTaskDispatcher with 24 workers.
 -> (artifact id: '7757d0f99fd0e8dc19c5633e7a308f93') in 0.014010 seconds
Number of updated asset objects reloaded before import = 0
Number of asset objects unloaded after import = 2
========================================================================
Received Import Request.
  Time since last request: 0.129090 seconds.
  path: Assets/Sprites/商店格 5.mat
  artifactKey: Guid(b53e7ff3fa6d3fd49826e930f6160fb0) Importer(815301076,1909f56bfc062723c751e8b465ee728b)
Start importing Assets/Sprites/商店格 5.mat using Guid(b53e7ff3fa6d3fd49826e930f6160fb0) Importer(815301076,1909f56bfc062723c751e8b465ee728b) [PhysX] Initialized MultithreadedTaskDispatcher with 24 workers.
[PhysX] Initialized MultithreadedTaskDispatcher with 24 workers.
 -> (artifact id: 'f0d91fe40a456a35a5728f81464b7366') in 0.014758 seconds
Number of updated asset objects reloaded before import = 0
Number of asset objects unloaded after import = 2
========================================================================
Received Import Request.
  Time since last request: 6.828572 seconds.
  path: Assets/Sprites/水域格.mat
  artifactKey: Guid(be00e8f48ec1d7f48a66341df21784d4) Importer(815301076,1909f56bfc062723c751e8b465ee728b)
Start importing Assets/Sprites/水域格.mat using Guid(be00e8f48ec1d7f48a66341df21784d4) Importer(815301076,1909f56bfc062723c751e8b465ee728b) [PhysX] Initialized MultithreadedTaskDispatcher with 24 workers.
[PhysX] Initialized MultithreadedTaskDispatcher with 24 workers.
 -> (artifact id: 'b2c5e43f9f2a2696077454e653f8c80b') in 0.015651 seconds
Number of updated asset objects reloaded before import = 0
Number of asset objects unloaded after import = 2
========================================================================
Received Import Request.
  Time since last request: 5.652642 seconds.
  path: Assets/Sprites/毒菇格.mat
  artifactKey: Guid(a06de357ea4a17c4aa3a336184cf0d7d) Importer(815301076,1909f56bfc062723c751e8b465ee728b)
Start importing Assets/Sprites/毒菇格.mat using Guid(a06de357ea4a17c4aa3a336184cf0d7d) Importer(815301076,1909f56bfc062723c751e8b465ee728b) [PhysX] Initialized MultithreadedTaskDispatcher with 24 workers.
[PhysX] Initialized MultithreadedTaskDispatcher with 24 workers.
 -> (artifact id: '4fb19892894ddc9e45c0a5574c58fd60') in 0.013840 seconds
Number of updated asset objects reloaded before import = 0
Number of asset objects unloaded after import = 2
========================================================================
Received Import Request.
  Time since last request: 4.061462 seconds.
  path: Assets/Sprites/沙地格.mat
  artifactKey: Guid(4a7cf7d1cd359cb4180162e9980a8c17) Importer(815301076,1909f56bfc062723c751e8b465ee728b)
Start importing Assets/Sprites/沙地格.mat using Guid(4a7cf7d1cd359cb4180162e9980a8c17) Importer(815301076,1909f56bfc062723c751e8b465ee728b) [PhysX] Initialized MultithreadedTaskDispatcher with 24 workers.
[PhysX] Initialized MultithreadedTaskDispatcher with 24 workers.
 -> (artifact id: '6deaa8a5b8797faa8c053f4476c0647b') in 0.013314 seconds
Number of updated asset objects reloaded before import = 0
Number of asset objects unloaded after import = 2
========================================================================
Received Import Request.
  Time since last request: 3.992341 seconds.
  path: Assets/Sprites/無人機格.mat
  artifactKey: Guid(b53e7ff3fa6d3fd49826e930f6160fb0) Importer(815301076,1909f56bfc062723c751e8b465ee728b)
Start importing Assets/Sprites/無人機格.mat using Guid(b53e7ff3fa6d3fd49826e930f6160fb0) Importer(815301076,1909f56bfc062723c751e8b465ee728b) [PhysX] Initialized MultithreadedTaskDispatcher with 24 workers.
[PhysX] Initialized MultithreadedTaskDispatcher with 24 workers.
 -> (artifact id: '9924f53a1971c387505175b9dc6b358a') in 0.013139 seconds
Number of updated asset objects reloaded before import = 0
Number of asset objects unloaded after import = 2
========================================================================
Received Import Request.
  Time since last request: 3.610132 seconds.
  path: Assets/Sprites/石板路格.mat
  artifactKey: Guid(c232cb74ec84a4549bed3611ffaa9a19) Importer(815301076,1909f56bfc062723c751e8b465ee728b)
Start importing Assets/Sprites/石板路格.mat using Guid(c232cb74ec84a4549bed3611ffaa9a19) Importer(815301076,1909f56bfc062723c751e8b465ee728b) [PhysX] Initialized MultithreadedTaskDispatcher with 24 workers.
[PhysX] Initialized MultithreadedTaskDispatcher with 24 workers.
 -> (artifact id: 'df4c31564f6d81bf08287bd17fa1f285') in 0.018149 seconds
Number of updated asset objects reloaded before import = 0
Number of asset objects unloaded after import = 2
========================================================================
Received Import Request.
  Time since last request: 33.424366 seconds.
  path: Assets/Sprites/石板路格 1.mat
  artifactKey: Guid(b94008b8a28cf924eba641ba9a3ce07b) Importer(815301076,1909f56bfc062723c751e8b465ee728b)
Start importing Assets/Sprites/石板路格 1.mat using Guid(b94008b8a28cf924eba641ba9a3ce07b) Importer(815301076,1909f56bfc062723c751e8b465ee728b) [PhysX] Initialized MultithreadedTaskDispatcher with 24 workers.
[PhysX] Initialized MultithreadedTaskDispatcher with 24 workers.
 -> (artifact id: '6fb3fe5af574f3a4b3535b2f554acab6') in 0.015989 seconds
Number of updated asset objects reloaded before import = 0
Number of asset objects unloaded after import = 2
========================================================================
Received Import Request.
  Time since last request: 0.411138 seconds.
  path: Assets/Sprites/石板路格 2.mat
  artifactKey: Guid(5caa50fe55ba023429aa18b2f6a852f1) Importer(815301076,1909f56bfc062723c751e8b465ee728b)
Start importing Assets/Sprites/石板路格 2.mat using Guid(5caa50fe55ba023429aa18b2f6a852f1) Importer(815301076,1909f56bfc062723c751e8b465ee728b) [PhysX] Initialized MultithreadedTaskDispatcher with 24 workers.
[PhysX] Initialized MultithreadedTaskDispatcher with 24 workers.
 -> (artifact id: 'e9a8b3a9e1414fb3dd18d67602b7f35f') in 0.015591 seconds
Number of updated asset objects reloaded before import = 0
Number of asset objects unloaded after import = 2
========================================================================
Received Import Request.
  Time since last request: 4.368013 seconds.
  path: Assets/Sprites/雲朵格.mat
  artifactKey: Guid(b94008b8a28cf924eba641ba9a3ce07b) Importer(815301076,1909f56bfc062723c751e8b465ee728b)
Start importing Assets/Sprites/雲朵格.mat using Guid(b94008b8a28cf924eba641ba9a3ce07b) Importer(815301076,1909f56bfc062723c751e8b465ee728b) [PhysX] Initialized MultithreadedTaskDispatcher with 24 workers.
[PhysX] Initialized MultithreadedTaskDispatcher with 24 workers.
 -> (artifact id: 'adac225575e5649a90c3da0f5fede95f') in 0.015535 seconds
Number of updated asset objects reloaded before import = 0
Number of asset objects unloaded after import = 2
========================================================================
Received Import Request.
  Time since last request: 4.029896 seconds.
  path: Assets/Sprites/零件格.mat
  artifactKey: Guid(c232cb74ec84a4549bed3611ffaa9a19) Importer(815301076,1909f56bfc062723c751e8b465ee728b)
Start importing Assets/Sprites/零件格.mat using Guid(c232cb74ec84a4549bed3611ffaa9a19) Importer(815301076,1909f56bfc062723c751e8b465ee728b) [PhysX] Initialized MultithreadedTaskDispatcher with 24 workers.
[PhysX] Initialized MultithreadedTaskDispatcher with 24 workers.
 -> (artifact id: 'c54fd50c46ee9e6f9bfedc65d06eef09') in 0.014742 seconds
Number of updated asset objects reloaded before import = 0
Number of asset objects unloaded after import = 2
========================================================================
Received Import Request.
  Time since last request: 13.411544 seconds.
  path: Assets/Sprites/零件格 1.mat
  artifactKey: Guid(b2146c602937f9b49a9bd86965aa34d8) Importer(815301076,1909f56bfc062723c751e8b465ee728b)
Start importing Assets/Sprites/零件格 1.mat using Guid(b2146c602937f9b49a9bd86965aa34d8) Importer(815301076,1909f56bfc062723c751e8b465ee728b) [PhysX] Initialized MultithreadedTaskDispatcher with 24 workers.
[PhysX] Initialized MultithreadedTaskDispatcher with 24 workers.
 -> (artifact id: '74009750878ba22b67b7109814926e20') in 0.015617 seconds
Number of updated asset objects reloaded before import = 0
Number of asset objects unloaded after import = 2
========================================================================
Received Import Request.
  Time since last request: 4.345858 seconds.
  path: Assets/Sprites/草地格.mat
  artifactKey: Guid(b2146c602937f9b49a9bd86965aa34d8) Importer(815301076,1909f56bfc062723c751e8b465ee728b)
Start importing Assets/Sprites/草地格.mat using Guid(b2146c602937f9b49a9bd86965aa34d8) Importer(815301076,1909f56bfc062723c751e8b465ee728b) [PhysX] Initialized MultithreadedTaskDispatcher with 24 workers.
[PhysX] Initialized MultithreadedTaskDispatcher with 24 workers.
 -> (artifact id: 'afac5fb01ea8c668ac236a696706baa2') in 0.015435 seconds
Number of updated asset objects reloaded before import = 0
Number of asset objects unloaded after import = 2
========================================================================
Received Import Request.
  Time since last request: 38.819507 seconds.
  path: Assets/Sprites/零件格.jpg
  artifactKey: Guid(6791f959a44f2084eade523d6a06274f) Importer(815301076,1909f56bfc062723c751e8b465ee728b)
Start importing Assets/Sprites/零件格.jpg using Guid(6791f959a44f2084eade523d6a06274f) Importer(815301076,1909f56bfc062723c751e8b465ee728b) [PhysX] Initialized MultithreadedTaskDispatcher with 24 workers.
[PhysX] Initialized MultithreadedTaskDispatcher with 24 workers.
 -> (artifact id: 'a80eca3fb5f0484b0ba75a6624fa8c64') in 0.016895 seconds
Number of updated asset objects reloaded before import = 0
Number of asset objects unloaded after import = 3
========================================================================
Received Import Request.
  Time since last request: 11.578005 seconds.
  path: Assets/Sprites/零件格.jpg
  artifactKey: Guid(6791f959a44f2084eade523d6a06274f) Importer(815301076,1909f56bfc062723c751e8b465ee728b)
Start importing Assets/Sprites/零件格.jpg using Guid(6791f959a44f2084eade523d6a06274f) Importer(815301076,1909f56bfc062723c751e8b465ee728b) [PhysX] Initialized MultithreadedTaskDispatcher with 24 workers.
[PhysX] Initialized MultithreadedTaskDispatcher with 24 workers.
 -> (artifact id: '3753b509ade1af0c74f25f3af06bcb9a') in 0.019639 seconds
Number of updated asset objects reloaded before import = 0
Number of asset objects unloaded after import = 2
========================================================================
Received Import Request.
  Time since last request: 174.454911 seconds.
  path: Assets/Sprites/妖精格.jpg
  artifactKey: Guid(bdf9118372e2c514cafb422d7e81e92a) Importer(815301076,1909f56bfc062723c751e8b465ee728b)
Start importing Assets/Sprites/妖精格.jpg using Guid(bdf9118372e2c514cafb422d7e81e92a) Importer(815301076,1909f56bfc062723c751e8b465ee728b) [PhysX] Initialized MultithreadedTaskDispatcher with 24 workers.
[PhysX] Initialized MultithreadedTaskDispatcher with 24 workers.
 -> (artifact id: 'b2279d444a9b150599036832260eccd8') in 0.018889 seconds
Number of updated asset objects reloaded before import = 0
Number of asset objects unloaded after import = 3
========================================================================
Received Import Request.
  Time since last request: 9.172719 seconds.
  path: Assets/Sprites/妖精格.jpg
  artifactKey: Guid(bdf9118372e2c514cafb422d7e81e92a) Importer(815301076,1909f56bfc062723c751e8b465ee728b)
Start importing Assets/Sprites/妖精格.jpg using Guid(bdf9118372e2c514cafb422d7e81e92a) Importer(815301076,1909f56bfc062723c751e8b465ee728b) [PhysX] Initialized MultithreadedTaskDispatcher with 24 workers.
[PhysX] Initialized MultithreadedTaskDispatcher with 24 workers.
 -> (artifact id: '72c042bb97863752b444eeec54d15949') in 0.013470 seconds
Number of updated asset objects reloaded before import = 0
Number of asset objects unloaded after import = 2
========================================================================
Received Import Request.
  Time since last request: 36.565795 seconds.
  path: Assets/Sprites/石板路格.mat
  artifactKey: Guid(5caa50fe55ba023429aa18b2f6a852f1) Importer(815301076,1909f56bfc062723c751e8b465ee728b)
Start importing Assets/Sprites/石板路格.mat using Guid(5caa50fe55ba023429aa18b2f6a852f1) Importer(815301076,1909f56bfc062723c751e8b465ee728b) [PhysX] Initialized MultithreadedTaskDispatcher with 24 workers.
[PhysX] Initialized MultithreadedTaskDispatcher with 24 workers.
 -> (artifact id: 'aed20c7e548fbf64f1657e8e70f3fad5') in 0.014551 seconds
Number of updated asset objects reloaded before import = 0
Number of asset objects unloaded after import = 2
========================================================================
Received Import Request.
  Time since last request: 8.974124 seconds.
  path: Assets/Sprites/問答格.mat
  artifactKey: Guid(655cebb24a142264796b6d3b9b4c4720) Importer(815301076,1909f56bfc062723c751e8b465ee728b)
Start importing Assets/Sprites/問答格.mat using Guid(655cebb24a142264796b6d3b9b4c4720) Importer(815301076,1909f56bfc062723c751e8b465ee728b) [PhysX] Initialized MultithreadedTaskDispatcher with 24 workers.
[PhysX] Initialized MultithreadedTaskDispatcher with 24 workers.
 -> (artifact id: '31c9b8e8bfa094e67207573f813279fd') in 0.017783 seconds
Number of updated asset objects reloaded before import = 0
Number of asset objects unloaded after import = 2
========================================================================
Received Import Request.
  Time since last request: 0.002123 seconds.
  path: Assets/Sprites/毒菇格.mat
  artifactKey: Guid(a06de357ea4a17c4aa3a336184cf0d7d) Importer(815301076,1909f56bfc062723c751e8b465ee728b)
Start importing Assets/Sprites/毒菇格.mat using Guid(a06de357ea4a17c4aa3a336184cf0d7d) Importer(815301076,1909f56bfc062723c751e8b465ee728b) [PhysX] Initialized MultithreadedTaskDispatcher with 24 workers.
[PhysX] Initialized MultithreadedTaskDispatcher with 24 workers.
 -> (artifact id: '7386f801d9d995c7d9fd2ac1fc9827f5') in 0.018853 seconds
Number of updated asset objects reloaded before import = 0
Number of asset objects unloaded after import = 2
========================================================================
Received Import Request.
  Time since last request: 0.000022 seconds.
  path: Assets/Sprites/零件格.mat
  artifactKey: Guid(c232cb74ec84a4549bed3611ffaa9a19) Importer(815301076,1909f56bfc062723c751e8b465ee728b)
Start importing Assets/Sprites/零件格.mat using Guid(c232cb74ec84a4549bed3611ffaa9a19) Importer(815301076,1909f56bfc062723c751e8b465ee728b) [PhysX] Initialized MultithreadedTaskDispatcher with 24 workers.
[PhysX] Initialized MultithreadedTaskDispatcher with 24 workers.
 -> (artifact id: 'd304324d4e3640b40f075b4ded866407') in 0.015238 seconds
Number of updated asset objects reloaded before import = 0
Number of asset objects unloaded after import = 2
========================================================================
Received Import Request.
  Time since last request: 0.000023 seconds.
  path: Assets/Sprites/水域格.mat
  artifactKey: Guid(be00e8f48ec1d7f48a66341df21784d4) Importer(815301076,1909f56bfc062723c751e8b465ee728b)
Start importing Assets/Sprites/水域格.mat using Guid(be00e8f48ec1d7f48a66341df21784d4) Importer(815301076,1909f56bfc062723c751e8b465ee728b) [PhysX] Initialized MultithreadedTaskDispatcher with 24 workers.
[PhysX] Initialized MultithreadedTaskDispatcher with 24 workers.
 -> (artifact id: '29dc3a492d66660770a6823cc01527e7') in 0.018265 seconds
Number of updated asset objects reloaded before import = 0
Number of asset objects unloaded after import = 2
========================================================================
Received Import Request.
  Time since last request: 0.000025 seconds.
  path: Assets/Sprites/沙地格.mat
  artifactKey: Guid(4a7cf7d1cd359cb4180162e9980a8c17) Importer(815301076,1909f56bfc062723c751e8b465ee728b)
Start importing Assets/Sprites/沙地格.mat using Guid(4a7cf7d1cd359cb4180162e9980a8c17) Importer(815301076,1909f56bfc062723c751e8b465ee728b) [PhysX] Initialized MultithreadedTaskDispatcher with 24 workers.
[PhysX] Initialized MultithreadedTaskDispatcher with 24 workers.
 -> (artifact id: 'febea953a648dd8ca3594afb23537fd2') in 0.018722 seconds
Number of updated asset objects reloaded before import = 0
Number of asset objects unloaded after import = 2
========================================================================
Received Import Request.
  Time since last request: 0.000021 seconds.
  path: Assets/Sprites/雲朵格.mat
  artifactKey: Guid(b94008b8a28cf924eba641ba9a3ce07b) Importer(815301076,1909f56bfc062723c751e8b465ee728b)
Start importing Assets/Sprites/雲朵格.mat using Guid(b94008b8a28cf924eba641ba9a3ce07b) Importer(815301076,1909f56bfc062723c751e8b465ee728b) [PhysX] Initialized MultithreadedTaskDispatcher with 24 workers.
[PhysX] Initialized MultithreadedTaskDispatcher with 24 workers.
 -> (artifact id: '7556c9d3f0377504d1aae4655aee428a') in 0.018482 seconds
Number of updated asset objects reloaded before import = 0
Number of asset objects unloaded after import = 2
Editor requested this worker to shutdown with reason: Scaling down because of idle timeout
TcpMessagingSession - receive error: operation aborted. errorcode: 995, details: 因為執行緒結束或應用程式要求，所以已中止 I/O 操作。
AssetImportWorker is now disconnected from the server
Process exiting
Exiting without the bug reporter. Application will terminate with return code 0